[2018-04-09 17:43:03] SMS.INFO:  response {"error":"Client error: `POST https://api.twilio.com/2010-04-01/Accounts/AC2a97c62c3cc2fede1762bdec512075a9/Messages.json` resulted in a `401 UNAUTHORIZED` response:\n{\"code\": 20003, \"detail\": \"Your AccountSid or AuthToken was incorrect.\", \"message\": \"Authenticate\", \"more_info\": \"https: (truncated...)\n"} []
[2018-04-09 17:44:27] SMS.INFO: Twilio response {"error":"Client error: `POST https://api.twilio.com/2010-04-01/Accounts/AC2a97c62c3cc2fede1762bdec512075a9/Messages.json` resulted in a `401 UNAUTHORIZED` response:\n{\"code\": 20003, \"detail\": \"Your AccountSid or AuthToken was incorrect.\", \"message\": \"Authenticate\", \"more_info\": \"https: (truncated...)\n"} []
[2018-04-09 17:46:35] SMS.INFO: Twilio response {"error":"Client error: `POST https://api.twilio.com/2010-04-01/Accounts/AC2a97c62c3cc2fede1762bdec512075a9/Messages.json` resulted in a `401 UNAUTHORIZED` response:\n{\"code\": 20003, \"detail\": \"Your AccountSid or AuthToken was incorrect.\", \"message\": \"Authenticate\", \"more_info\": \"https: (truncated...)\n"} []
[2018-04-09 17:51:21] SMS.INFO: Twilio response {"error":"Client error: `POST https://api.twilio.com/2010-04-01/Accounts/AC2a97c62c3cc2fede1762bdec512075a9/Messages.json` resulted in a `401 UNAUTHORIZED` response:\n{\"code\": 20003, \"detail\": \"Your AccountSid or AuthToken was incorrect.\", \"message\": \"Authenticate\", \"more_info\": \"https: (truncated...)\n"} []
[2018-04-09 17:54:14] SMS.INFO: Twilio response {"error":"Client error: `POST https://api.twilio.com/2010-04-01/Accounts/AC2a97c62c3cc2fede1762bdec512075a9/Messages.json` resulted in a `401 UNAUTHORIZED` response:\n{\"code\": 20003, \"detail\": \"Your AccountSid or AuthToken was incorrect.\", \"message\": \"Authenticate\", \"more_info\": \"https: (truncated...)\n"} []
[2018-04-09 17:55:26] SMS.INFO: Twilio response {"error":"Client error: `POST https://api.twilio.com/2010-04-01/Accounts/AC2a97c62c3cc2fede1762bdec512075a9/Messages.json` resulted in a `401 UNAUTHORIZED` response:\n{\"code\": 20003, \"detail\": \"Your AccountSid or AuthToken was incorrect.\", \"message\": \"Authenticate\", \"more_info\": \"https: (truncated...)\n"} []
[2018-04-09 17:56:58] SMS.ERROR: Twilio response {"error":"Client error: `POST https://api.twilio.com/2010-04-01/Accounts/AC2a97c62c3cc2fede1762bdec512075a9/Messages.json` resulted in a `401 UNAUTHORIZED` response:\n{\"code\": 20003, \"detail\": \"Your AccountSid or AuthToken was incorrect.\", \"message\": \"Authenticate\", \"more_info\": \"https: (truncated...)\n"} []
[2018-04-09 17:57:53] SMS.ERROR: Twilio response {"error":"Client error: `POST https://api.twilio.com/2010-04-01/Accounts/AC2a97c62c3cc2fede1762bdec512075a9/Messages.json` resulted in a `400 BAD REQUEST` response:\n{\"code\": 21603, \"message\": \"A 'From' phone number is required.\", \"more_info\": \"https://www.twilio.com/docs/errors/21603\" (truncated...)\n"} []
[2018-04-09 18:00:30] SMS.ERROR: Twilio response {"error":"Client error: `POST https://api.twilio.com/2010-04-01/Accounts/AC2a97c62c3cc2fede1762bdec512075a9/Messages.json` resulted in a `400 BAD REQUEST` response:\n{\"code\": 21603, \"message\": \"A 'From' phone number is required.\", \"more_info\": \"https://www.twilio.com/docs/errors/21603\" (truncated...)\n"} []
[2018-04-09 18:15:23] SMS.ERROR: Twilio response {"error":"Client error: `POST https://api.twilio.com/2010-04-01/Accounts/AC2a97c62c3cc2fede1762bdec512075a9/Messages.json` resulted in a `400 BAD REQUEST` response:\n{\"code\": 21603, \"message\": \"A 'From' phone number is required.\", \"more_info\": \"https://www.twilio.com/docs/errors/21603\" (truncated...)\n"} []
[2018-04-09 18:15:56] SMS.ERROR: Twilio response {"error":"Client error: `POST https://api.twilio.com/2010-04-01/Accounts/AC2a97c62c3cc2fede1762bdec512075a9/Messages.json` resulted in a `400 BAD REQUEST` response:\n{\"code\": 21603, \"message\": \"A 'From' phone number is required.\", \"more_info\": \"https://www.twilio.com/docs/errors/21603\" (truncated...)\n"} []
[2018-04-09 18:16:41] SMS.ERROR: Twilio response {"error":"Client error: `POST https://api.twilio.com/2010-04-01/Accounts/AC2a97c62c3cc2fede1762bdec512075a9/Messages.json` resulted in a `400 BAD REQUEST` response:\n{\"code\": 21603, \"message\": \"A 'From' phone number is required.\", \"more_info\": \"https://www.twilio.com/docs/errors/21603\" (truncated...)\n"} []
[2018-04-09 18:18:15] SMS.ERROR: Twilio response {"error":"Client error: `POST https://api.twilio.com/2010-04-01/Accounts/AC2a97c62c3cc2fede1762bdec512075a9/Messages.json` resulted in a `400 BAD REQUEST` response:\n{\"code\": 21603, \"message\": \"A 'From' phone number is required.\", \"more_info\": \"https://www.twilio.com/docs/errors/21603\" (truncated...)\n"} []
[2018-04-09 18:18:58] SMS.ERROR: Twilio response {"error":"Client error: `POST https://api.twilio.com/2010-04-01/Accounts/AC2a97c62c3cc2fede1762bdec512075a9/Messages.json` resulted in a `400 BAD REQUEST` response:\n{\"code\": 21603, \"message\": \"A 'From' phone number is required.\", \"more_info\": \"https://www.twilio.com/docs/errors/21603\" (truncated...)\n"} []
[2018-04-09 18:20:26] SMS.ERROR: Twilio response {"error":"Client error: `POST https://api.twilio.com/2010-04-01/Accounts/AC2a97c62c3cc2fede1762bdec512075a9/Messages.json` resulted in a `400 BAD REQUEST` response:\n{\"code\": 21603, \"message\": \"A 'From' phone number is required.\", \"more_info\": \"https://www.twilio.com/docs/errors/21603\" (truncated...)\n"} []
[2018-04-09 19:03:29] SMS.INFO: Bulksms response {"response":"23|missing credentials (username was: mianji)|\n"} []
[2018-04-09 19:04:17] SMS.INFO: Bulksms response ["23|missing credentials (username was: mianji)|\n"] []
[2018-04-09 19:06:59] SMS.INFO: Bulksms response ["23|missing credentials (username was: mianji)|\n"] []
[2018-04-09 19:11:53] SMS.INFO: Bulksms response ["23|missing credentials (username was: mianji)|\n"] []
[2018-04-09 19:15:45] SMS.ERROR: Bulksms response {"error":"missing credentials (username was: mianji)"} []
[2018-04-09 19:17:04] SMS.ERROR: Bulksms response {"error":"23|missing credentials (username was: mianji)|\n"} []
[2018-04-09 19:18:12] SMS.ERROR: Bulksms response {"error":"25|FAILED_USERCREDITS|1318169160\n"} []
[2018-04-09 19:29:48] SMS.INFO: Clickatell response ["ERR: 001, Authentication failed"] []
[2018-04-09 19:43:42] SMS.ERROR: Clickatell response {"error":"{\"messages\":[{\"apiMessageId\":\"c575095ece444cc9acda2790d22ca895\",\"accepted\":true,\"to\":\"60111144212\",\"errorCode\":null,\"error\":null,\"errorDescription\":null}],\"errorCode\":null,\"error\":null,\"errorDescription\":null}"} []
[2018-04-09 19:44:25] SMS.ERROR: Clickatell response {"error":"{\"messages\":[{\"apiMessageId\":\"66195aacd65044c0b650317b858a7dde\",\"accepted\":true,\"to\":\"60111144212\",\"errorCode\":null,\"error\":null,\"errorDescription\":null}],\"errorCode\":null,\"error\":null,\"errorDescription\":null}"} []
[2018-04-09 19:45:02] SMS.INFO: Clickatell response {"error":""} []
[2018-04-09 19:46:28] SMS.ERROR: Clickatell response {"error":"String could not be parsed as XML"} []
[2018-04-09 19:48:57] SMS.ERROR: Clickatell response {"error":"{\"messages\":[{\"apiMessageId\":\"fcc084cf1f8a4616ab45c2822a85eb0e\",\"accepted\":true,\"to\":\"60111144212\",\"errorCode\":null,\"error\":null,\"errorDescription\":null}],\"errorCode\":null,\"error\":null,\"errorDescription\":null}"} []
[2018-04-09 19:50:03] SMS.ERROR: Clickatell response {"error":"{\"messages\":[{\"apiMessageId\":\"e517f782e4ff4cb39fd658d3ca65c3eb\",\"accepted\":true,\"to\":\"60111144212\",\"errorCode\":null,\"error\":null,\"errorDescription\":null}],\"errorCode\":null,\"error\":null,\"errorDescription\":null}"} []
[2018-04-09 19:51:28] SMS.ERROR: Clickatell response {"error":"{\"messages\":[{\"apiMessageId\":\"b9fe7006fc844f888f5df080e72f5559\",\"accepted\":true,\"to\":\"60111144212\",\"errorCode\":null,\"error\":null,\"errorDescription\":null}],\"errorCode\":null,\"error\":null,\"errorDescription\":null}"} []
[2018-04-09 19:56:25] SMS.INFO: Clickatell response ["{\"messages\":[{\"apiMessageId\":\"a26d17c823324a14883b09255acf5521\",\"accepted\":true,\"to\":\"60111144212\",\"errorCode\":null,\"error\":null,\"errorDescription\":null}],\"errorCode\":null,\"error\":null,\"errorDescription\":null}"] []
[2018-04-09 19:57:39] SMS.INFO: Clickatell response {"error":""} []
[2018-04-09 19:57:55] SMS.INFO: Clickatell response ["{\"messages\":[{\"apiMessageId\":\"00e2a26cf60f4f2b93b4cbcdb7d0638a\",\"accepted\":true,\"to\":\"60111144212\",\"errorCode\":null,\"error\":null,\"errorDescription\":null}],\"errorCode\":null,\"error\":null,\"errorDescription\":null}"] []
[2018-04-09 20:03:50] SMS.INFO: Clickatell response ["{\"messages\":[{\"apiMessageId\":\"ae4f550325ad4f7db8c8da857b7ebd57\",\"accepted\":true,\"to\":\"60111144212\",\"errorCode\":null,\"error\":null,\"errorDescription\":null}],\"errorCode\":null,\"error\":null,\"errorDescription\":null}"] []
[2018-04-09 20:04:03] SMS.INFO: Clickatell response ["{\"messages\":[],\"errorCode\":108,\"error\":\"Invalid or missing integration API Key.\",\"errorDescription\":\"The integration API key is either incorrect or has not been included in the API call.\"}"] []
[2018-04-09 20:04:48] SMS.ERROR: Clickatell response {"error":": "} []
[2018-04-09 20:05:22] SMS.ERROR: Clickatell response {"error":"{: {"} []
[2018-04-09 20:08:53] SMS.ERROR: Clickatell response {"error":"108: Invalid or missing integration API Key."} []
[2018-04-09 20:10:18] SMS.INFO: Clickatell response {"messages":[{"apiMessageId":"9f62f1160dc54c1ebdfbdc54053aebde","accepted":true,"to":"60111144212","errorCode":null,"error":null,"errorDescription":null}],"errorCode":null,"error":null,"errorDescription":null} []
[2018-04-09 20:10:41] SMS.ERROR: Clickatell response {"error":"108: Invalid or missing integration API Key."} []
[2018-04-09 20:41:04] SMS.INFO: Nexmo response {"message-count":"1","messages":[{"to":"60111144212","status":"29","error-text":"Non White-listed Destination - rejected"}]} []
[2018-04-09 20:46:30] SMS.INFO: Nexmo response {"message-count":"1","messages":[{"to":"6010529212","status":"29","error-text":"Non White-listed Destination - rejected"}]} []
[2018-04-09 20:52:32] SMS.INFO: Nexmo response {"message-count":"1","messages":[{"to":"6010529212","status":"29","error-text":"Non White-listed Destination - rejected"}]} []
[2018-04-09 20:53:59] SMS.ERROR: Nexmo response {"error":"29: Non White-listed Destination - rejected"} []
[2018-04-09 20:55:00] SMS.ERROR: Nexmo response {"error":"6010529212: 29 - Non White-listed Destination - rejected"} []
[2018-04-09 20:56:16] SMS.ERROR: Nexmo response {"error":"To :m, Error Code: 29, Error Text: Non White-listed Destination - rejected"} []
[2018-04-09 20:56:39] SMS.ERROR: Nexmo response {"error":"To :6010529212, Error Code: 29, Error Text: Non White-listed Destination - rejected"} []
[2018-04-09 20:57:12] SMS.ERROR: Missing or invalid default region. {"phone":"6010507212"} []
[2018-04-09 20:57:39] SMS.ERROR: Nexmo response {"error":"To: 6010507212, Error Code: 29, Error Text: Non White-listed Destination - rejected"} []
[2018-04-09 20:59:24] SMS.ERROR: Missing or invalid default region. {"phone":"6010507212"} []
[2018-04-09 21:00:31] SMS.ERROR: Missing or invalid default region. {"phone":"6010507212"} []
[2018-04-09 21:02:08] SMS.ERROR: Missing or invalid default region. {"phone":"6010507212"} []
[2018-04-09 21:02:27] SMS.ERROR: Missing or invalid default region. {"phone":"6010507212"} []
[2018-04-09 21:02:46] SMS.ERROR: Nexmo response {"error":"To: 6010507212, Error Code: 29, Error Text: Non White-listed Destination - rejected"} []
[2018-04-09 21:30:33] SMS.INFO: Smsapi response [null] []
[2018-04-09 21:31:41] SMS.INFO: Smsapi response [null] []
[2018-04-09 21:32:19] SMS.INFO: Smsapi response [null] []
[2018-04-09 21:32:56] SMS.ERROR: Smsapi response {"error":"E: E"} []
[2018-04-09 21:36:28] SMS.ERROR: Smsapi response {"error":"E: E"} []
[2018-04-09 21:48:20] SMS.ERROR: Twilio response {"error":"Client error: `POST https://api.twilio.com/2010-04-01/Accounts/AC2a97c62c3cc2fede1762bdec512075a9/Messages.json` resulted in a `400 BAD REQUEST` response:\n{\"code\": 21603, \"message\": \"A 'From' phone number is required.\", \"more_info\": \"https://www.twilio.com/docs/errors/21603\" (truncated...)\n"} []
[2018-04-09 21:52:09] SMS.ERROR: Twilio response {"error":"Client error: `POST https://api.twilio.com/2010-04-01/Accounts/AC2a97c62c3cc2fede1762bdec512075a9/Messages.json` resulted in a `400 BAD REQUEST` response:\n{\"code\": 21603, \"message\": \"A 'From' phone number is required.\", \"more_info\": \"https://www.twilio.com/docs/errors/21603\" (truncated...)\n"} []
[2018-04-09 21:59:08] SMS.INFO: Log response ["Saved to Log File."] []
[2018-04-09 22:00:55] SMS.INFO: Log response ["Saved to Log File."] []
[2018-04-09 22:01:15] SMS.INFO: Log response ["Saved to Log File."] []
[2018-04-09 22:03:39] SMS.INFO: Log response {"mobile":"+6010507212","message":"Test message"} []
[2018-04-09 22:04:45] SMS.INFO: Log response {"mobile":"+6010507212","message":"Test message"} []
